<APIProxy revision="2" name="test-v1">
    <DisplayName></DisplayName>
    <Description>for testing</Description>
    <CreatedAt>1681257978246</CreatedAt>
    <LastModifiedAt>1681259322594</LastModifiedAt>
    <BasePaths>/v1/test</BasePaths>
    <Policies>
        <Policy>Assign-Message-1</Policy>
        <Policy>JavaScript-1</Policy>
    </Policies>
    <ProxyEndpoints>
        <ProxyEndpoint>default</ProxyEndpoint>
    </ProxyEndpoints>
    <Resources>
        <Resource>jsc://JavaScript-1.js</Resource>
    </Resources>
    <TargetEndpoints>
        <TargetEndpoint>default</TargetEndpoint>
    </TargetEndpoints>
</APIProxy>